<testsuites id="" name="" tests="2" failures="0" skipped="0" errors="0" time="24.84115600001812">
<testsuite name="test\Create_Articles.test.ts" timestamp="1664903126178" hostname="" tests="2" failures="0" skipped="0" time="23.161" errors="0">
<testcase name="@Smoke Verify user is able to create article and delete TC_CA_001,TC_CA_002,TC_DA_001" classname="[Chromium] › test\Create_Articles.test.ts › @Smoke Verify user is able to create article and delete TC_CA_001,TC_CA_002,TC_DA_001" time="8.971">
<system-out>
<![CDATA[ bblogqaaneesshaikh 
BBLOG ARTICLE CREATION WITH AUTOMATION
WE ARE TRYING TO AUTOMATE CRUD FLOW FOR BBLOG
 AUTOMATION TESTING 
 October 4, 2022 
 bblogqaaneesshaikh 
bblogqaaneesshaikh
BBLOG ARTICLE CREATION WITH AUTOMATION
 AUTOMATION TESTING 
TEST AUTOMATION
 October 4, 2022 
]]>
</system-out>
</testcase>
<testcase name="@Smoke Verify user is able to Update article and delete TC_CA_001,TC_CA_002,TC_DA_001" classname="[Chromium] › test\Create_Articles.test.ts › @Smoke Verify user is able to Update article and delete TC_CA_001,TC_CA_002,TC_DA_001" time="14.19">
<system-out>
<![CDATA[ bblogqaaneesshaikh 
BBLOG ARTICLE CREATION WITH AUTOMATION
BBLOG ARTICLE CREATION WITH AUTOMATION UPDATE
WE ARE TRYING TO AUTOMATE CRUD FLOW FOR BBLOG UPDATE
]]>
</system-out>
</testcase>
</testsuite>
</testsuites>